TN:
SF:src/controllers/session-ctrl.js
FN:6,create
FNF:1
FNH:1
FNDA:6,create
DA:1,1
DA:2,1
DA:3,1
DA:4,1
DA:5,1
DA:6,1
DA:7,6
DA:8,6
DA:9,6
DA:10,6
DA:11,1
DA:12,1
DA:13,5
DA:14,6
DA:15,1
DA:16,1
DA:17,4
DA:18,6
DA:19,1
DA:20,1
DA:21,2
DA:22,2
DA:23,1
DA:24,1
DA:25,6
DA:26,5
DA:27,5
DA:28,6
DA:29,1
DA:30,1
DA:31,1
LF:31
LH:31
BRDA:6,0,0,6
BRDA:10,1,0,1
BRDA:12,2,0,5
BRDA:14,3,0,1
BRDA:16,4,0,4
BRDA:18,5,0,3
BRDA:18,6,0,1
BRDA:20,7,0,2
BRDA:23,8,0,1
BRDA:25,9,0,5
BRDA:26,10,0,1
BRDA:26,11,0,1
BRF:12
BRH:12
end_of_record
TN:
SF:src/controllers/user-ctrl.js
FN:5,create
FN:25,changePassword
FNF:2
FNH:1
FNDA:3,create
FNDA:0,changePassword
DA:1,1
DA:2,1
DA:3,1
DA:4,1
DA:5,1
DA:6,3
DA:7,3
DA:8,3
DA:9,3
DA:10,1
DA:11,1
DA:12,2
DA:13,3
DA:14,1
DA:15,1
DA:16,1
DA:17,1
DA:18,1
DA:19,1
DA:20,3
DA:21,2
DA:22,2
DA:23,3
DA:24,1
DA:25,1
DA:26,0
DA:27,0
DA:28,0
DA:29,0
DA:30,0
DA:31,1
DA:32,1
DA:33,1
LF:33
LH:28
BRDA:5,0,0,3
BRDA:9,1,0,1
BRDA:11,2,0,2
BRDA:13,3,0,1
BRDA:20,4,0,2
BRDA:21,5,0,0
BRDA:21,6,0,0
BRF:7
BRH:5
end_of_record
TN:
SF:src/schemas/User.js
FNF:0
FNH:0
DA:1,1
DA:2,1
DA:3,1
DA:4,1
DA:5,1
DA:6,1
DA:7,1
DA:8,1
DA:9,1
LF:9
LH:9
BRF:0
BRH:0
end_of_record
TN:
SF:src/services/session-service.js
FN:4,generateToken
FNF:1
FNH:1
FNDA:1,generateToken
DA:1,1
DA:2,1
DA:3,1
DA:4,1
DA:5,1
DA:6,1
DA:7,1
DA:8,1
DA:9,1
DA:10,1
DA:11,1
LF:11
LH:11
BRDA:4,0,0,1
BRF:1
BRH:1
end_of_record
TN:
SF:src/services/user-service.js
FN:4,createUser
FN:14,userExistsAndCheckPassword
FNF:2
FNH:2
FNDA:1,createUser
FNDA:4,userExistsAndCheckPassword
DA:1,1
DA:2,1
DA:3,1
DA:4,1
DA:5,1
DA:6,1
DA:7,1
DA:8,1
DA:9,1
DA:10,1
DA:11,1
DA:12,1
DA:13,1
DA:14,1
DA:15,4
DA:16,4
DA:17,4
DA:18,1
DA:19,1
DA:20,3
DA:21,4
DA:22,1
DA:23,1
DA:24,2
DA:25,2
DA:26,2
DA:27,1
DA:28,1
DA:29,1
LF:29
LH:29
BRDA:4,0,0,1
BRDA:14,1,0,4
BRDA:17,2,0,1
BRDA:19,3,0,3
BRDA:21,4,0,1
BRDA:23,5,0,2
BRF:6
BRH:6
end_of_record
TN:
SF:src/utils/email-validator.js
FN:2,isValid
FNF:1
FNH:1
FNDA:12,isValid
DA:1,1
DA:2,1
DA:3,12
DA:4,1
DA:5,1
DA:6,11
DA:7,11
DA:8,11
DA:9,11
DA:10,1
DA:11,1
DA:12,1
LF:12
LH:12
BRDA:2,0,0,12
BRDA:3,1,0,1
BRDA:5,2,0,11
BRF:3
BRH:3
end_of_record
TN:
SF:tests/mocks/controllers-mocks.js
FN:11,requestMockByParam
FN:32,status
FN:34,json
FNF:3
FNH:3
FNDA:4,requestMockByParam
FNDA:9,status
FNDA:9,json
DA:1,1
DA:2,1
DA:3,1
DA:4,1
DA:5,1
DA:6,1
DA:7,1
DA:8,1
DA:9,1
DA:10,1
DA:11,1
DA:12,4
DA:13,4
DA:14,4
DA:15,4
DA:16,1
DA:17,1
DA:18,1
DA:19,1
DA:20,1
DA:21,1
DA:22,1
DA:23,1
DA:24,1
DA:25,1
DA:26,1
DA:27,1
DA:28,1
DA:29,1
DA:30,1
DA:31,1
DA:32,1
DA:33,9
DA:34,9
DA:35,9
DA:36,9
DA:37,9
DA:38,9
DA:39,9
DA:40,9
DA:41,9
DA:42,1
DA:43,1
DA:44,1
DA:45,1
DA:46,1
DA:47,1
DA:48,1
DA:49,1
DA:50,1
DA:51,1
LF:51
LH:51
BRDA:11,0,0,4
BRDA:32,1,0,9
BRDA:34,2,0,9
BRF:3
BRH:3
end_of_record
